C:\USERS\WOLF\DOCUMENTS\VISUAL STUDIO 2012\PROJECTS\OPENGLWORK\OPENGLWORK\DEBUG\OPENGLWORK.PCH
C:\USERS\WOLF\DOCUMENTS\VISUAL STUDIO 2012\PROJECTS\OPENGLWORK\OPENGLWORK\DEBUG\STDAFX.OBJ
C:\USERS\WOLF\DOCUMENTS\VISUAL STUDIO 2012\PROJECTS\OPENGLWORK\OPENGLWORK\DEBUG\VC110.PDB
C:\USERS\WOLF\DOCUMENTS\VISUAL STUDIO 2012\PROJECTS\OPENGLWORK\OPENGLWORK\DEBUG\DRAWFUNC.OBJ
C:\USERS\WOLF\DOCUMENTS\VISUAL STUDIO 2012\PROJECTS\OPENGLWORK\OPENGLWORK\DEBUG\FRAMEWORKFUN.OBJ
C:\USERS\WOLF\DOCUMENTS\VISUAL STUDIO 2012\PROJECTS\OPENGLWORK\OPENGLWORK\DEBUG\GLOBALVAR.OBJ
C:\USERS\WOLF\DOCUMENTS\VISUAL STUDIO 2012\PROJECTS\OPENGLWORK\OPENGLWORK\DEBUG\OPENGLWORK.OBJ
C:\USERS\WOLF\DOCUMENTS\VISUAL STUDIO 2012\PROJECTS\OPENGLWORK\DEBUG\OPENGLWORK.ILK
C:\USERS\WOLF\DOCUMENTS\VISUAL STUDIO 2012\PROJECTS\OPENGLWORK\DEBUG\OPENGLWORK.EXE
C:\USERS\WOLF\DOCUMENTS\VISUAL STUDIO 2012\PROJECTS\OPENGLWORK\DEBUG\OPENGLWORK.PDB
C:\Users\wolf\Documents\Visual Studio 2012\Projects\OpenglWork\OpenglWork\Debug\DrawFunc.obj
C:\Users\wolf\Documents\Visual Studio 2012\Projects\OpenglWork\OpenglWork\Debug\FrameworkFun.obj
C:\Users\wolf\Documents\Visual Studio 2012\Projects\OpenglWork\OpenglWork\Debug\GlobalVar.obj
C:\Users\wolf\Documents\Visual Studio 2012\Projects\OpenglWork\OpenglWork\Debug\OpenglWork.obj
C:\Users\wolf\Documents\Visual Studio 2012\Projects\OpenglWork\OpenglWork\Debug\stdafx.obj
C:\Users\wolf\Documents\Visual Studio 2012\Projects\OpenglWork\OpenglWork\Debug\cl.command.1.tlog
C:\Users\wolf\Documents\Visual Studio 2012\Projects\OpenglWork\OpenglWork\Debug\CL.read.1.tlog
C:\Users\wolf\Documents\Visual Studio 2012\Projects\OpenglWork\OpenglWork\Debug\CL.write.1.tlog
C:\Users\wolf\Documents\Visual Studio 2012\Projects\OpenglWork\OpenglWork\Debug\link-cvtres.read.1.tlog
C:\Users\wolf\Documents\Visual Studio 2012\Projects\OpenglWork\OpenglWork\Debug\link-cvtres.write.1.tlog
C:\Users\wolf\Documents\Visual Studio 2012\Projects\OpenglWork\OpenglWork\Debug\link-rc.read.1.tlog
C:\Users\wolf\Documents\Visual Studio 2012\Projects\OpenglWork\OpenglWork\Debug\link-rc.write.1.tlog
C:\Users\wolf\Documents\Visual Studio 2012\Projects\OpenglWork\OpenglWork\Debug\link.2772-cvtres.read.1.tlog
C:\Users\wolf\Documents\Visual Studio 2012\Projects\OpenglWork\OpenglWork\Debug\link.2772-cvtres.write.1.tlog
C:\Users\wolf\Documents\Visual Studio 2012\Projects\OpenglWork\OpenglWork\Debug\link.2772-rc.read.1.tlog
C:\Users\wolf\Documents\Visual Studio 2012\Projects\OpenglWork\OpenglWork\Debug\link.2772-rc.write.1.tlog
C:\Users\wolf\Documents\Visual Studio 2012\Projects\OpenglWork\OpenglWork\Debug\link.2772.read.1.tlog
C:\Users\wolf\Documents\Visual Studio 2012\Projects\OpenglWork\OpenglWork\Debug\link.2772.write.1.tlog
C:\Users\wolf\Documents\Visual Studio 2012\Projects\OpenglWork\OpenglWork\Debug\link.command.1.tlog
C:\Users\wolf\Documents\Visual Studio 2012\Projects\OpenglWork\OpenglWork\Debug\link.read.1.tlog
C:\Users\wolf\Documents\Visual Studio 2012\Projects\OpenglWork\OpenglWork\Debug\link.write.1.tlog
C:\Users\wolf\Documents\Visual Studio 2012\Projects\OpenglWork\OpenglWork\Debug\OpenglWork.pch
C:\Users\wolf\Documents\Visual Studio 2012\Projects\OpenglWork\OpenglWork\Debug\vc110.idb
C:\Users\wolf\Documents\Visual Studio 2012\Projects\OpenglWork\OpenglWork\Debug\vc110.pdb
C:\Users\wolf\Documents\Visual Studio 2012\Projects\OpenglWork\Debug\OpenglWork.pdb
C:\Users\wolf\Documents\Visual Studio 2012\Projects\OpenglWork\Debug\OpenglWork.exe
C:\Users\wolf\Documents\Visual Studio 2012\Projects\OpenglWork\Debug\OpenglWork.ilk
